<?xml version="1.0" encoding="UTF-8"?>
<!-- Generated by org.testng.reporters.JUnitReportReporter -->
<testsuite hostname="LAPTOP-LO3ENO1Q" failures="0" tests="10" name="com.urbanladder.runner.Runner" time="73.908" errors="0" timestamp="2021-09-28T18:21:49 IST" skipped="0">
  <testcase classname="com.urbanladder.runner.Runner" name="Login" time="10.767"/>
  <system-out/>
  <testcase classname="com.urbanladder.runner.Runner" name="DiningTable" time="1.565"/>
  <system-out/>
  <testcase classname="com.urbanladder.runner.Runner" name="Sale" time="9.422"/>
  <system-out/>
  <testcase classname="com.urbanladder.runner.Runner" name="Living" time="8.365"/>
  <system-out/>
  <testcase classname="com.urbanladder.runner.Runner" name="Bedroom" time="8.158"/>
  <system-out/>
  <testcase classname="com.urbanladder.runner.Runner" name="Storage" time="8.345"/>
  <system-out/>
  <testcase classname="com.urbanladder.runner.Runner" name="Study" time="8.034"/>
  <system-out/>
  <testcase classname="com.urbanladder.runner.Runner" name="Kids" time="7.968"/>
  <system-out/>
  <testcase classname="com.urbanladder.runner.Runner" name="GiftCard" time="9.118"/>
  <system-out/>
  <testcase classname="com.urbanladder.runner.Runner" name="BulkOrder" time="2.166"/>
  <system-out/>
</testsuite> <!-- com.urbanladder.runner.Runner -->
